1668336902899 + GET + /
1668337451436 + GET + /
1668337451875 + GET + /favicon.ico
1668337456037 + GET + /
1668337456121 + GET + /favicon.ico
1668337459182 + GET + /
1668337459248 + GET + /favicon.ico
1668337460923 + GET + /
1668337460986 + GET + /favicon.ico
1668337462167 + GET + /books
1668337462251 + GET + /favicon.ico
1668337465028 + GET + /books/create
1668337465189 + GET + /favicon.ico
1668337479376 + POST + /books/create
1668337479398 + GET + /books
1668337479669 + GET + /favicon.ico
1668337482149 + GET + /books/0
1668337482238 + GET + /favicon.ico
1668337484326 + GET + /books/update/0
1668337484409 + GET + /favicon.ico
1668337511928 + POST + /books/update/0
1668337511947 + GET + /books/0
1668337512012 + GET + /favicon.ico
1668337520104 + GET + /books
1668337520157 + GET + /favicon.ico
1668337521450 + GET + /
1668337521521 + GET + /favicon.ico
1668337522515 + GET + /books
1668337522581 + GET + /favicon.ico
1668337525893 + GET + /books/update/0
1668337525960 + GET + /favicon.ico
1668337532038 + POST + /books/update/0
1668337532051 + GET + /books/0
1668337532112 + GET + /favicon.ico
1668337535789 + POST + /books/delete/0
1668337535794 + GET + /books
1668337535841 + GET + /favicon.ico
1668337537849 + GET + /books
1668337537923 + GET + /favicon.ico
1668767276153 + GET + /
1668767276342 + GET + /favicon.ico
1668767277646 + GET + /
1668767277683 + GET + /favicon.ico
1668767278244 + GET + /books
1668767278285 + GET + /favicon.ico
